

Version:	3.10
CmdLine:	C:\Users\ANEER ABDULRAHMAN\Desktop\Executable\ABMExcelApp.exe --l4j-debug
WOW64:		yes
Working dir:	C:\Users\ANEER ABDULRAHMAN\Desktop\Executable\.
Java min ver:	
Java max ver:	
Bundled JRE:	bin\jre1.8.0_151
Check launcher:	C:\Users\ANEER ABDULRAHMAN\Desktop\Executable\bin\jre1.8.0_151\bin\javaw.exe (OK)
Launcher:	C:\Users\ANEER ABDULRAHMAN\Desktop\Executable\bin\jre1.8.0_151\bin\javaw.exe
Launcher args:	-jar "C:\Users\ANEER ABDULRAHMAN\Desktop\Executable\ABMExcelApp.exe"
Args length:	68/32768 chars
Exit code:	0


Version:	3.10
CmdLine:	C:\Users\ANEER ABDULRAHMAN\Desktop\Executable\ABMExcelApp.exe --l4j-debug
WOW64:		yes
Working dir:	C:\Users\ANEER ABDULRAHMAN\Desktop\Executable\.
Java min ver:	
Java max ver:	
Bundled JRE:	bin\jre1.8.0_151
Check launcher:	C:\Users\ANEER ABDULRAHMAN\Desktop\Executable\bin\jre1.8.0_151\bin\javaw.exe (OK)
Launcher:	C:\Users\ANEER ABDULRAHMAN\Desktop\Executable\bin\jre1.8.0_151\bin\javaw.exe
Launcher args:	-jar "C:\Users\ANEER ABDULRAHMAN\Desktop\Executable\ABMExcelApp.exe"
Args length:	68/32768 chars
Exit code:	0
